This is pdfTeX, Version 3.14159265-2.6-1.40.18 (TeX Live 2017/Debian) (preloaded format=latex 2018.7.8)  25 SEP 2018 09:59
entering extended mode
 restricted \write18 enabled.
 %&-line parsing enabled.
**$$\frac{\alpha}{b}$$

! Emergency stop.
<to be read again> 
                   \begingroup 
<*> $$\frac{\alpha}{b}
                      $$
End of file on the terminal!

 
Here is how much of TeX's memory you used:
 4 strings out of 494881
 111 string characters out of 6179628
 46063 words of memory out of 5000000
 3428 multiletter control sequences out of 15000+600000
 3640 words of font info for 14 fonts, out of 8000000 for 9000
 36 hyphenation exceptions out of 8191
 2i,0n,2p,29b,6s stack positions out of 5000i,500n,10000p,200000b,80000s
No pages of output.
